[0.056s] DEBUG:colcon:Command line arguments: ['/usr/bin/colcon', 'build', '--packages-select', 'ros2_chat']
[0.056s] DEBUG:colcon:Parsed command line arguments: Namespace(log_base=None, log_level=None, verb_name='build', build_base='build', install_base='install', merge_install=False, symlink_install=False, test_result_base=None, continue_on_error=False, executor='parallel', parallel_workers=16, event_handlers=None, ignore_user_meta=False, metas=['./colcon.meta'], base_paths=['.'], packages_ignore=None, packages_ignore_regex=None, paths=None, packages_up_to=None, packages_up_to_regex=None, packages_above=None, packages_above_and_dependencies=None, packages_above_depth=None, packages_select_by_dep=None, packages_skip_by_dep=None, packages_skip_up_to=None, packages_select_build_failed=False, packages_skip_build_finished=False, packages_select_test_failures=False, packages_skip_test_passed=False, packages_select=['ros2_chat'], packages_skip=None, packages_select_regex=None, packages_skip_regex=None, packages_start=None, packages_end=None, allow_overriding=[], cmake_args=None, cmake_target=None, cmake_target_skip_unavailable=False, cmake_clean_cache=False, cmake_clean_first=False, cmake_force_configure=False, ament_cmake_args=None, catkin_cmake_args=None, catkin_skip_building_tests=False, mixin_files=None, mixin=None, verb_parser=<colcon_mixin.mixin.mixin_argument.MixinArgumentDecorator object at 0x75ec39e57640>, verb_extension=<colcon_core.verb.build.BuildVerb object at 0x75ec39e56c20>, main=<bound method BuildVerb.main of <colcon_core.verb.build.BuildVerb object at 0x75ec39e56c20>>, mixin_verb=('build',))
[0.141s] Level 1:colcon.colcon_core.package_discovery:discover_packages(colcon_meta) check parameters
[0.141s] Level 1:colcon.colcon_core.package_discovery:discover_packages(recursive) check parameters
[0.141s] Level 1:colcon.colcon_core.package_discovery:discover_packages(ignore) check parameters
[0.141s] Level 1:colcon.colcon_core.package_discovery:discover_packages(path) check parameters
[0.141s] Level 1:colcon.colcon_core.package_discovery:discover_packages(colcon_meta) discover
[0.141s] Level 1:colcon.colcon_core.package_discovery:discover_packages(recursive) discover
[0.141s] INFO:colcon.colcon_core.package_discovery:Crawling recursively for packages in '/home/parth_234/ros2_chat'
[0.141s] Level 1:colcon.colcon_core.package_identification:_identify(.) by extensions ['ignore', 'ignore_ament_install']
[0.141s] Level 1:colcon.colcon_core.package_identification:_identify(.) by extension 'ignore'
[0.141s] Level 1:colcon.colcon_core.package_identification:_identify(.) by extension 'ignore_ament_install'
[0.141s] Level 1:colcon.colcon_core.package_identification:_identify(.) by extensions ['colcon_pkg']
[0.141s] Level 1:colcon.colcon_core.package_identification:_identify(.) by extension 'colcon_pkg'
[0.141s] Level 1:colcon.colcon_core.package_identification:_identify(.) by extensions ['colcon_meta']
[0.141s] Level 1:colcon.colcon_core.package_identification:_identify(.) by extension 'colcon_meta'
[0.141s] Level 1:colcon.colcon_core.package_identification:_identify(.) by extensions ['ros']
[0.141s] Level 1:colcon.colcon_core.package_identification:_identify(.) by extension 'ros'
[0.149s] DEBUG:colcon.colcon_core.package_identification:Package '.' with type 'ros.ament_cmake' and name 'ros2_chat'
[0.149s] Level 1:colcon.colcon_core.package_discovery:discover_packages(recursive) using defaults
[0.149s] Level 1:colcon.colcon_core.package_discovery:discover_packages(ignore) discover
[0.149s] Level 1:colcon.colcon_core.package_discovery:discover_packages(ignore) using defaults
[0.149s] Level 1:colcon.colcon_core.package_discovery:discover_packages(path) discover
[0.149s] Level 1:colcon.colcon_core.package_discovery:discover_packages(path) using defaults
[0.164s] Level 1:colcon.colcon_core.package_discovery:discover_packages(prefix_path) check parameters
[0.164s] Level 1:colcon.colcon_core.package_discovery:discover_packages(prefix_path) discover
[0.184s] DEBUG:colcon.colcon_installed_package_information.package_discovery:Found 271 installed packages in /opt/ros/humble
[0.185s] Level 1:colcon.colcon_core.package_discovery:discover_packages(prefix_path) using defaults
[0.203s] Level 5:colcon.colcon_core.verb:set package 'ros2_chat' build argument 'cmake_args' from command line to 'None'
[0.203s] Level 5:colcon.colcon_core.verb:set package 'ros2_chat' build argument 'cmake_target' from command line to 'None'
[0.203s] Level 5:colcon.colcon_core.verb:set package 'ros2_chat' build argument 'cmake_target_skip_unavailable' from command line to 'False'
[0.203s] Level 5:colcon.colcon_core.verb:set package 'ros2_chat' build argument 'cmake_clean_cache' from command line to 'False'
[0.203s] Level 5:colcon.colcon_core.verb:set package 'ros2_chat' build argument 'cmake_clean_first' from command line to 'False'
[0.203s] Level 5:colcon.colcon_core.verb:set package 'ros2_chat' build argument 'cmake_force_configure' from command line to 'False'
[0.203s] Level 5:colcon.colcon_core.verb:set package 'ros2_chat' build argument 'ament_cmake_args' from command line to 'None'
[0.203s] Level 5:colcon.colcon_core.verb:set package 'ros2_chat' build argument 'catkin_cmake_args' from command line to 'None'
[0.203s] Level 5:colcon.colcon_core.verb:set package 'ros2_chat' build argument 'catkin_skip_building_tests' from command line to 'False'
[0.203s] DEBUG:colcon.colcon_core.verb:Building package 'ros2_chat' with the following arguments: {'ament_cmake_args': None, 'build_base': '/home/parth_234/ros2_chat/build/ros2_chat', 'catkin_cmake_args': None, 'catkin_skip_building_tests': False, 'cmake_args': None, 'cmake_clean_cache': False, 'cmake_clean_first': False, 'cmake_force_configure': False, 'cmake_target': None, 'cmake_target_skip_unavailable': False, 'install_base': '/home/parth_234/ros2_chat/install/ros2_chat', 'merge_install': False, 'path': '/home/parth_234/ros2_chat', 'symlink_install': False, 'test_result_base': None}
[0.203s] INFO:colcon.colcon_core.executor:Executing jobs using 'parallel' executor
[0.203s] DEBUG:colcon.colcon_parallel_executor.executor.parallel:run_until_complete
[0.204s] INFO:colcon.colcon_ros.task.ament_cmake.build:Building ROS package in '/home/parth_234/ros2_chat' with build type 'ament_cmake'
[0.204s] INFO:colcon.colcon_cmake.task.cmake.build:Building CMake package in '/home/parth_234/ros2_chat'
[0.205s] INFO:colcon.colcon_core.plugin_system:Skipping extension 'colcon_core.shell.bat': Not used on non-Windows systems
[0.205s] INFO:colcon.colcon_core.shell:Skip shell extension 'powershell' for command environment: Not usable outside of PowerShell
[0.205s] DEBUG:colcon.colcon_core.shell:Skip shell extension 'dsv' for command environment
[0.209s] DEBUG:colcon.colcon_core.event_handler.log_command:Invoking command in '/home/parth_234/ros2_chat/build/ros2_chat': CMAKE_PREFIX_PATH=/opt/ros/humble /usr/bin/cmake /home/parth_234/ros2_chat -DCMAKE_INSTALL_PREFIX=/home/parth_234/ros2_chat/install/ros2_chat
[0.920s] DEBUG:colcon.colcon_core.event_handler.log_command:Invoked command in '/home/parth_234/ros2_chat/build/ros2_chat' returned '0': CMAKE_PREFIX_PATH=/opt/ros/humble /usr/bin/cmake /home/parth_234/ros2_chat -DCMAKE_INSTALL_PREFIX=/home/parth_234/ros2_chat/install/ros2_chat
[0.920s] DEBUG:colcon.colcon_core.event_handler.log_command:Invoking command in '/home/parth_234/ros2_chat/build/ros2_chat': CMAKE_PREFIX_PATH=/opt/ros/humble /usr/bin/cmake --build /home/parth_234/ros2_chat/build/ros2_chat -- -j16 -l16
[5.296s] DEBUG:colcon.colcon_core.event_handler.log_command:Invoked command in '/home/parth_234/ros2_chat/build/ros2_chat' returned '0': CMAKE_PREFIX_PATH=/opt/ros/humble /usr/bin/cmake --build /home/parth_234/ros2_chat/build/ros2_chat -- -j16 -l16
[5.303s] DEBUG:colcon.colcon_core.event_handler.log_command:Invoking command in '/home/parth_234/ros2_chat/build/ros2_chat': CMAKE_PREFIX_PATH=/opt/ros/humble /usr/bin/cmake --install /home/parth_234/ros2_chat/build/ros2_chat
[5.312s] Level 1:colcon.colcon_core.environment:create_environment_scripts_only(ros2_chat)
[5.313s] DEBUG:colcon.colcon_core.event_handler.log_command:Invoked command in '/home/parth_234/ros2_chat/build/ros2_chat' returned '0': CMAKE_PREFIX_PATH=/opt/ros/humble /usr/bin/cmake --install /home/parth_234/ros2_chat/build/ros2_chat
[5.314s] Level 1:colcon.colcon_core.environment:checking '/home/parth_234/ros2_chat/install/ros2_chat' for CMake module files
[5.314s] Level 1:colcon.colcon_core.environment:checking '/home/parth_234/ros2_chat/install/ros2_chat' for CMake config files
[5.314s] Level 1:colcon.colcon_core.shell:create_environment_hook('ros2_chat', 'cmake_prefix_path')
[5.314s] INFO:colcon.colcon_core.shell:Creating environment hook '/home/parth_234/ros2_chat/install/ros2_chat/share/ros2_chat/hook/cmake_prefix_path.ps1'
[5.315s] INFO:colcon.colcon_core.shell:Creating environment descriptor '/home/parth_234/ros2_chat/install/ros2_chat/share/ros2_chat/hook/cmake_prefix_path.dsv'
[5.315s] INFO:colcon.colcon_core.shell:Creating environment hook '/home/parth_234/ros2_chat/install/ros2_chat/share/ros2_chat/hook/cmake_prefix_path.sh'
[5.316s] Level 1:colcon.colcon_core.environment:checking '/home/parth_234/ros2_chat/install/ros2_chat/lib'
[5.316s] Level 1:colcon.colcon_core.environment:checking '/home/parth_234/ros2_chat/install/ros2_chat/bin'
[5.316s] Level 1:colcon.colcon_core.environment:checking '/home/parth_234/ros2_chat/install/ros2_chat/lib/pkgconfig/ros2_chat.pc'
[5.316s] Level 1:colcon.colcon_core.environment:checking '/home/parth_234/ros2_chat/install/ros2_chat/lib/python3.10/site-packages'
[5.316s] Level 1:colcon.colcon_core.environment:checking '/home/parth_234/ros2_chat/install/ros2_chat/bin'
[5.316s] INFO:colcon.colcon_core.shell:Creating package script '/home/parth_234/ros2_chat/install/ros2_chat/share/ros2_chat/package.ps1'
[5.316s] INFO:colcon.colcon_core.shell:Creating package descriptor '/home/parth_234/ros2_chat/install/ros2_chat/share/ros2_chat/package.dsv'
[5.317s] INFO:colcon.colcon_core.shell:Creating package script '/home/parth_234/ros2_chat/install/ros2_chat/share/ros2_chat/package.sh'
[5.317s] INFO:colcon.colcon_core.shell:Creating package script '/home/parth_234/ros2_chat/install/ros2_chat/share/ros2_chat/package.bash'
[5.318s] INFO:colcon.colcon_core.shell:Creating package script '/home/parth_234/ros2_chat/install/ros2_chat/share/ros2_chat/package.zsh'
[5.318s] Level 1:colcon.colcon_core.environment:create_file_with_runtime_dependencies(/home/parth_234/ros2_chat/install/ros2_chat/share/colcon-core/packages/ros2_chat)
[5.318s] Level 1:colcon.colcon_core.environment:create_environment_scripts_only(ros2_chat)
[5.318s] Level 1:colcon.colcon_core.environment:checking '/home/parth_234/ros2_chat/install/ros2_chat' for CMake module files
[5.319s] Level 1:colcon.colcon_core.environment:checking '/home/parth_234/ros2_chat/install/ros2_chat' for CMake config files
[5.319s] Level 1:colcon.colcon_core.shell:create_environment_hook('ros2_chat', 'cmake_prefix_path')
[5.319s] INFO:colcon.colcon_core.shell:Creating environment hook '/home/parth_234/ros2_chat/install/ros2_chat/share/ros2_chat/hook/cmake_prefix_path.ps1'
[5.319s] INFO:colcon.colcon_core.shell:Creating environment descriptor '/home/parth_234/ros2_chat/install/ros2_chat/share/ros2_chat/hook/cmake_prefix_path.dsv'
[5.319s] INFO:colcon.colcon_core.shell:Creating environment hook '/home/parth_234/ros2_chat/install/ros2_chat/share/ros2_chat/hook/cmake_prefix_path.sh'
[5.320s] Level 1:colcon.colcon_core.environment:checking '/home/parth_234/ros2_chat/install/ros2_chat/lib'
[5.320s] Level 1:colcon.colcon_core.environment:checking '/home/parth_234/ros2_chat/install/ros2_chat/bin'
[5.320s] Level 1:colcon.colcon_core.environment:checking '/home/parth_234/ros2_chat/install/ros2_chat/lib/pkgconfig/ros2_chat.pc'
[5.320s] Level 1:colcon.colcon_core.environment:checking '/home/parth_234/ros2_chat/install/ros2_chat/lib/python3.10/site-packages'
[5.320s] Level 1:colcon.colcon_core.environment:checking '/home/parth_234/ros2_chat/install/ros2_chat/bin'
[5.320s] INFO:colcon.colcon_core.shell:Creating package script '/home/parth_234/ros2_chat/install/ros2_chat/share/ros2_chat/package.ps1'
[5.320s] INFO:colcon.colcon_core.shell:Creating package descriptor '/home/parth_234/ros2_chat/install/ros2_chat/share/ros2_chat/package.dsv'
[5.321s] INFO:colcon.colcon_core.shell:Creating package script '/home/parth_234/ros2_chat/install/ros2_chat/share/ros2_chat/package.sh'
[5.321s] INFO:colcon.colcon_core.shell:Creating package script '/home/parth_234/ros2_chat/install/ros2_chat/share/ros2_chat/package.bash'
[5.321s] INFO:colcon.colcon_core.shell:Creating package script '/home/parth_234/ros2_chat/install/ros2_chat/share/ros2_chat/package.zsh'
[5.321s] Level 1:colcon.colcon_core.environment:create_file_with_runtime_dependencies(/home/parth_234/ros2_chat/install/ros2_chat/share/colcon-core/packages/ros2_chat)
[5.321s] DEBUG:colcon.colcon_parallel_executor.executor.parallel:closing loop
[5.321s] DEBUG:colcon.colcon_parallel_executor.executor.parallel:loop closed
[5.321s] DEBUG:colcon.colcon_parallel_executor.executor.parallel:run_until_complete finished with '0'
[5.321s] DEBUG:colcon.colcon_core.event_reactor:joining thread
[5.324s] INFO:colcon.colcon_core.plugin_system:Skipping extension 'colcon_notification.desktop_notification.terminal_notifier': Not used on non-Darwin systems
[5.324s] INFO:colcon.colcon_core.plugin_system:Skipping extension 'colcon_notification.desktop_notification.win32': Not used on non-Windows systems
[5.324s] INFO:colcon.colcon_notification.desktop_notification:Sending desktop notification using 'notify2'
[5.334s] DEBUG:colcon.colcon_core.event_reactor:joined thread
[5.334s] INFO:colcon.colcon_core.shell:Creating prefix script '/home/parth_234/ros2_chat/install/local_setup.ps1'
[5.335s] INFO:colcon.colcon_core.shell:Creating prefix util module '/home/parth_234/ros2_chat/install/_local_setup_util_ps1.py'
[5.336s] INFO:colcon.colcon_core.shell:Creating prefix chain script '/home/parth_234/ros2_chat/install/setup.ps1'
[5.336s] INFO:colcon.colcon_core.shell:Creating prefix script '/home/parth_234/ros2_chat/install/local_setup.sh'
[5.337s] INFO:colcon.colcon_core.shell:Creating prefix util module '/home/parth_234/ros2_chat/install/_local_setup_util_sh.py'
[5.337s] INFO:colcon.colcon_core.shell:Creating prefix chain script '/home/parth_234/ros2_chat/install/setup.sh'
[5.337s] INFO:colcon.colcon_core.shell:Creating prefix script '/home/parth_234/ros2_chat/install/local_setup.bash'
[5.338s] INFO:colcon.colcon_core.shell:Creating prefix chain script '/home/parth_234/ros2_chat/install/setup.bash'
[5.338s] INFO:colcon.colcon_core.shell:Creating prefix script '/home/parth_234/ros2_chat/install/local_setup.zsh'
[5.338s] INFO:colcon.colcon_core.shell:Creating prefix chain script '/home/parth_234/ros2_chat/install/setup.zsh'
